0 info it worked if it ends with ok
1 verbose cli [ 'C:\\Program Files\\nodejs\\node.exe',
1 verbose cli   'C:\\Program Files\\nodejs\\node_modules\\npm\\bin\\npm-cli.js',
1 verbose cli   'run',
1 verbose cli   'build' ]
2 info using npm@3.10.10
3 info using node@v6.10.2
4 verbose run-script [ 'prebuild', 'build', 'postbuild' ]
5 info lifecycle webpack@1.0.0~prebuild: webpack@1.0.0
6 silly lifecycle webpack@1.0.0~prebuild: no script for prebuild, continuing
7 info lifecycle webpack@1.0.0~build: webpack@1.0.0
8 verbose lifecycle webpack@1.0.0~build: unsafe-perm in lifecycle true
9 verbose lifecycle webpack@1.0.0~build: PATH: C:\Program Files\nodejs\node_modules\npm\bin\node-gyp-bin;e:\code\webpack_learn\webpack\12\node_modules\.bin;C:\Program Files\Git\mingw64\bin;C:\Program Files\Git\usr\bin;C:\Users\wangzhigang\bin;C:\Program Files\CollabNet\Subversion Client;C:\ProgramData\Oracle\Java\javapath;C:\Windows\system32;C:\Windows;C:\Windows\System32\Wbem;C:\Windows\System32\WindowsPowerShell\v1.0;C:\Program Files\Java\jdk1.8.0_121\bin;D:\svn\bin;C:\Program Files\Git\cmd;C:\Program Files\nodejs;D:\vscode\Microsoft VS Code\bin;C:\Python27;C:\Python27\Scripts;C:\Program Files\CollabNet\Subversion Client;C:\Users\wangzhigang\AppData\Roaming\npm;C:\Users\wangzhigang\AppData\Local\Programs\Fiddler
10 verbose lifecycle webpack@1.0.0~build: CWD: e:\code\webpack_learn\webpack\12
11 silly lifecycle webpack@1.0.0~build: Args: [ '/d /s /c',
11 silly lifecycle   'rd/s/q dist && set NODE_ENV=production && webpack --config ./webpack.production.config.js --progress --colors' ]
12 silly lifecycle webpack@1.0.0~build: Returned: code: 1  signal: null
13 info lifecycle webpack@1.0.0~build: Failed to exec build script
14 verbose stack Error: webpack@1.0.0 build: `rd/s/q dist && set NODE_ENV=production && webpack --config ./webpack.production.config.js --progress --colors`
14 verbose stack Exit status 1
14 verbose stack     at EventEmitter.<anonymous> (C:\Program Files\nodejs\node_modules\npm\lib\utils\lifecycle.js:255:16)
14 verbose stack     at emitTwo (events.js:106:13)
14 verbose stack     at EventEmitter.emit (events.js:191:7)
14 verbose stack     at ChildProcess.<anonymous> (C:\Program Files\nodejs\node_modules\npm\lib\utils\spawn.js:40:14)
14 verbose stack     at emitTwo (events.js:106:13)
14 verbose stack     at ChildProcess.emit (events.js:191:7)
14 verbose stack     at maybeClose (internal/child_process.js:886:16)
14 verbose stack     at Process.ChildProcess._handle.onexit (internal/child_process.js:226:5)
15 verbose pkgid webpack@1.0.0
16 verbose cwd e:\code\webpack_learn\webpack\12
17 error Windows_NT 6.1.7601
18 error argv "C:\\Program Files\\nodejs\\node.exe" "C:\\Program Files\\nodejs\\node_modules\\npm\\bin\\npm-cli.js" "run" "build"
19 error node v6.10.2
20 error npm  v3.10.10
21 error code ELIFECYCLE
22 error webpack@1.0.0 build: `rd/s/q dist && set NODE_ENV=production && webpack --config ./webpack.production.config.js --progress --colors`
22 error Exit status 1
23 error Failed at the webpack@1.0.0 build script 'rd/s/q dist && set NODE_ENV=production && webpack --config ./webpack.production.config.js --progress --colors'.
23 error Make sure you have the latest version of node.js and npm installed.
23 error If you do, this is most likely a problem with the webpack package,
23 error not with npm itself.
23 error Tell the author that this fails on your system:
23 error     rd/s/q dist && set NODE_ENV=production && webpack --config ./webpack.production.config.js --progress --colors
23 error You can get information on how to open an issue for this project with:
23 error     npm bugs webpack
23 error Or if that isn't available, you can get their info via:
23 error     npm owner ls webpack
23 error There is likely additional logging output above.
24 verbose exit [ 1, true ]

